Pincode/SmartTicketing1/app/build/outputs/logs/manifest-merger-debug-report.txt
-- Merging decision tree log ---
provider#android.support.v4.content.FileProvider
INJECTED from src\main\AndroidManifest.xml:915:9-923:20
	android:grantUriPermissions
		ADDED from src\main\AndroidManifest.xml:919:13-47
	android:authorities
		INJECTED from src\main\AndroidManifest.xml
		ADDED from src\main\AndroidManifest.xml:917:13-60
	android:exported
		ADDED from src\main\AndroidManifest.xml:918:13-37
	android:name
		ADDED from src\main\AndroidManifest.xml:916:13-67
manifest
ADDED from src\main\AndroidManifest.xml:2:1-930:12
INJECTED from src\main\AndroidManifest.xml:2:1-930:12
INJECTED from src\main\AndroidManifest.xml:2:1-930:12
INJECTED from src\main\AndroidManifest.xml:2:1-930:12
MERGED from [com.github.pedroSG94:AutoPermissions:1.0.3] AndroidManifest.xml:2:1-11:12
MERGED from [com.android.support:appcompat-v7:27.1.1] AndroidManifest.xml:17:1-22:12
MERGED from [com.jakewharton:butterknife:8.4.0] AndroidManifest.xml:2:1-7:12
MERGED from [com.google.android.gms:play-services-maps:16.1.0] AndroidManifest.xml:17:1-38:12
MERGED from [com.jjoe64:graphview:4.2.1] AndroidManifest.xml:2:1-14:12
MERGED from [com.davemorrissey.labs:subsampling-scale-image-view:3.10.0] AndroidManifest.xml:2:1-11:12
MERGED from [com.android.support:recyclerview-v7:26.1.0] AndroidManifest.xml:17:1-28:12
MERGED from [com.android.support.constraint:constraint-layout:1.1.3] AndroidManifest.xml:2:1-11:12
MERGED from [com.android.support:exifinterface:27.1.0] AndroidManifest.xml:17:1-22:12
MERGED from [com.google.android.gms:play-services-base:16.0.1] AndroidManifest.xml:17:1-29:12
MERGED from [com.google.android.gms:play-services-tasks:16.0.1] AndroidManifest.xml:2:1-9:12
MERGED from [com.google.android.gms:play-services-basement:16.0.1] AndroidManifest.xml:17:1-28:12
MERGED from [com.android.support:support-v4:26.1.0] AndroidManifest.xml:17:1-31:12
MERGED from [com.android.support:support-media-compat:26.1.0] AndroidManifest.xml:17:1-31:12
MERGED from [com.android.support:support-fragment:27.1.1] AndroidManifest.xml:17:1-22:12
MERGED from [com.android.support:animated-vector-drawable:27.1.1] AndroidManifest.xml:17:1-22:12
MERGED from [com.android.support:support-core-ui:27.1.1] AndroidManifest.xml:17:1-22:12
MERGED from [com.android.support:support-core-utils:27.1.1] AndroidManifest.xml:17:1-22:12
MERGED from [com.android.support:support-vector-drawable:27.1.1] AndroidManifest.xml:17:1-22:12
MERGED from [com.android.support:support-compat:27.1.1] AndroidManifest.xml:17:1-22:12
MERGED from [android.arch.lifecycle:runtime:1.1.0] AndroidManifest.xml:17:1-22:12
MERGED from [android.arch.lifecycle:livedata-core:1.1.0] AndroidManifest.xml:17:1-22:12
MERGED from [android.arch.core:runtime:1.1.0] AndroidManifest.xml:17:1-22:12
MERGED from [android.arch.lifecycle:viewmodel:1.1.0] AndroidManifest.xml:17:1-22:12
INJECTED from src\main\AndroidManifest.xml:2:1-930:12
INJECTED from src\main\AndroidManifest.xml:2:1-930:12
INJECTED from src\main\AndroidManifest.xml:2:1-930:12
	package
		ADDED from src\main\AndroidManifest.xml:3:5-34
		INJECTED from src\main\AndroidManifest.xml
		INJECTED from src\main\AndroidManifest.xml
	android:versionName
		ADDED from src\main\AndroidManifest.xml:5:5-30
		INJECTED from src\main\AndroidManifest.xml
		INJECTED from src\main\AndroidManifest.xml
	xmlns:android
		ADDED from src\main\AndroidManifest.xml:2:11-69
	android:versionCode
		ADDED from src\main\AndroidManifest.xml:4:5-28
		INJECTED from src\main\AndroidManifest.xml
		INJECTED from src\main\AndroidManifest.xml
uses-permission#android.permission.SEND_SMS
ADDED from src\main\AndroidManifest.xml:7:5-67
	android:name
		ADDED from src\main\AndroidManifest.xml:7:22-64
uses-permission#android.permission.RECEIVE_SMS
ADDED from src\main\AndroidManifest.xml:8:5-70
	android:name
		ADDED from src\main\AndroidManifest.xml:8:22-67
uses-permission#android.permission.WRITE_EXTERNAL_STORAGE
ADDED from src\main\AndroidManifest.xml:9:5-81
	android:name
		ADDED from src\main\AndroidManifest.xml:9:22-78
uses-permission#android.permission.INTERNET
ADDED from src\main\AndroidManifest.xml:10:5-67
MERGED from [com.google.android.gms:play-services-maps:16.1.0] AndroidManifest.xml:24:5-67
MERGED from [com.google.android.gms:play-services-maps:16.1.0] AndroidManifest.xml:24:5-67
	android:name
		ADDED from src\main\AndroidManifest.xml:10:22-64
uses-permission#android.permission.ACCESS_NETWORK_STATE
ADDED from src\main\AndroidManifest.xml:11:5-79
MERGED from [com.google.android.gms:play-services-maps:16.1.0] AndroidManifest.xml:23:5-79
MERGED from [com.google.android.gms:play-services-maps:16.1.0] AndroidManifest.xml:23:5-79
	android:name
		ADDED from src\main\AndroidManifest.xml:11:22-76
uses-permission#android.permission.READ_EXTERNAL_STORAGE
ADDED from src\main\AndroidManifest.xml:12:5-80
	android:name
		ADDED from src\main\AndroidManifest.xml:12:22-77
uses-permission#android.permission.READ_CALENDAR
ADDED from src\main\AndroidManifest.xml:13:5-72
	android:name
		ADDED from src\main\AndroidManifest.xml:13:22-69
uses-permission#android.permission.WRITE_CALENDAR
ADDED from src\main\AndroidManifest.xml:14:5-73
	android:name
		ADDED from src\main\AndroidManifest.xml:14:22-70
uses-permission#android.permission.CALL_PHONE
ADDED from src\main\AndroidManifest.xml:15:5-69
	android:name
		ADDED from src\main\AndroidManifest.xml:15:22-66
uses-feature#android.hardware.camera
ADDED from src\main\AndroidManifest.xml:17:5-60
	android:name
		ADDED from src\main\AndroidManifest.xml:17:19-57
uses-feature#android.hardware.camera.autofocus
ADDED from src\main\AndroidManifest.xml:18:5-20:36
	android:required
		ADDED from src\main\AndroidManifest.xml:20:9-33
	android:name
		ADDED from src\main\AndroidManifest.xml:19:9-57
uses-feature#android.hardware.touchscreen
ADDED from src\main\AndroidManifest.xml:21:5-23:36
	android:required
		ADDED from src\main\AndroidManifest.xml:23:9-33
	android:name
		ADDED from src\main\AndroidManifest.xml:22:9-52
uses-permission#android.permission.CAMERA
ADDED from src\main\AndroidManifest.xml:25:5-65
	android:name
		ADDED from src\main\AndroidManifest.xml:25:22-62
uses-permission#android.permission.USE_FINGERPRINT
ADDED from src\main\AndroidManifest.xml:26:5-74
	android:name
		ADDED from src\main\AndroidManifest.xml:26:22-71
uses-permission#android.permission.ACCESS_FINE_LOCATION
ADDED from src\main\AndroidManifest.xml:27:5-79
	android:name
		ADDED from src\main\AndroidManifest.xml:27:22-76
uses-permission#android.permission.ACCESS_COARSE_LOCATION
ADDED from src\main\AndroidManifest.xml:28:5-81
	android:name
		ADDED from src\main\AndroidManifest.xml:28:22-78
uses-permission#android.permission.READ_PHONE_STATE
ADDED from src\main\AndroidManifest.xml:29:5-75
	android:name
		ADDED from src\main\AndroidManifest.xml:29:22-72
uses-permission#android.permission.VIBRATE
ADDED from src\main\AndroidManifest.xml:30:5-66
	android:name
		ADDED from src\main\AndroidManifest.xml:30:22-63
application
ADDED from src\main\AndroidManifest.xml:32:5-928:19
MERGED from [com.google.android.gms:play-services-maps:16.1.0] AndroidManifest.xml:30:5-36:19
MERGED from [com.google.android.gms:play-services-maps:16.1.0] AndroidManifest.xml:30:5-36:19
MERGED from [com.jjoe64:graphview:4.2.1] AndroidManifest.xml:11:5-12:19
MERGED from [com.jjoe64:graphview:4.2.1] AndroidManifest.xml:11:5-12:19
MERGED from [com.android.support:recyclerview-v7:26.1.0] AndroidManifest.xml:22:5-26:19
MERGED from [com.android.support:recyclerview-v7:26.1.0] AndroidManifest.xml:22:5-26:19
MERGED from [com.android.support.constraint:constraint-layout:1.1.3] AndroidManifest.xml:9:5-20
MERGED from [com.android.support.constraint:constraint-layout:1.1.3] AndroidManifest.xml:9:5-20
MERGED from [com.google.android.gms:play-services-base:16.0.1] AndroidManifest.xml:22:5-27:19
MERGED from [com.google.android.gms:play-services-base:16.0.1] AndroidManifest.xml:22:5-27:19
MERGED from [com.google.android.gms:play-services-tasks:16.0.1] AndroidManifest.xml:7:5-20
MERGED from [com.google.android.gms:play-services-tasks:16.0.1] AndroidManifest.xml:7:5-20
MERGED from [com.google.android.gms:play-services-basement:16.0.1] AndroidManifest.xml:22:5-26:19
MERGED from [com.google.android.gms:play-services-basement:16.0.1] AndroidManifest.xml:22:5-26:19
MERGED from [com.android.support:support-v4:26.1.0] AndroidManifest.xml:25:5-29:19
MERGED from [com.android.support:support-v4:26.1.0] AndroidManifest.xml:25:5-29:19
MERGED from [com.android.support:support-media-compat:26.1.0] AndroidManifest.xml:25:5-29:19
MERGED from [com.android.support:support-media-compat:26.1.0] AndroidManifest.xml:25:5-29:19
	android:label
		ADDED from src\main\AndroidManifest.xml:35:9-41
	android:icon
		ADDED from src\main\AndroidManifest.xml:34:9-45
	android:theme
		ADDED from src\main\AndroidManifest.xml:36:9-40
	android:name
		ADDED from src\main\AndroidManifest.xml:33:9-50
meta-data#com.google.android.geo.API_KEY
ADDED from src\main\AndroidManifest.xml:37:9-39:71
	android:value
		ADDED from src\main\AndroidManifest.xml:39:13-68
	android:name
		ADDED from src\main\AndroidManifest.xml:38:13-58
activity#com.smart.ticketing.metro.SmartTicketingActivity
ADDED from src\main\AndroidManifest.xml:43:9-55:20
	android:label
		ADDED from src\main\AndroidManifest.xml:46:13-45
	android:icon
		ADDED from src\main\AndroidManifest.xml:45:13-49
	android:name
		ADDED from src\main\AndroidManifest.xml:44:13-57
activity#com.smart.ticketing.voter.LoginActivity
ADDED from src\main\AndroidManifest.xml:56:9-67:20
	android:label
		ADDED from src\main\AndroidManifest.xml:59:13-45
	android:icon
		ADDED from src\main\AndroidManifest.xml:58:13-49
	android:name
		ADDED from src\main\AndroidManifest.xml:57:13-48
activity#com.smart.ticketing.metro.LoginActivity
ADDED from src\main\AndroidManifest.xml:68:9-79:20
	android:label
		ADDED from src\main\AndroidManifest.xml:70:13-45
	android:name
		ADDED from src\main\AndroidManifest.xml:69:13-48
activity#com.smart.ticketing.metro.Home
ADDED from src\main\AndroidManifest.xml:80:9-91:20
	android:label
		ADDED from src\main\AndroidManifest.xml:82:13-45
	android:name
		ADDED from src\main\AndroidManifest.xml:81:13-39
activity#com.smart.ticketing.scanner.CaptureActivity
ADDED from src\main\AndroidManifest.xml:92:9-103:20
	android:label
		ADDED from src\main\AndroidManifest.xml:95:13-45
	android:icon
		ADDED from src\main\AndroidManifest.xml:94:13-49
	android:name
		ADDED from src\main\AndroidManifest.xml:93:13-52
activity#com.smart.ticketing.attendance.AccessNotesActivity
ADDED from src\main\AndroidManifest.xml:104:9-107:48
	android:label
		ADDED from src\main\AndroidManifest.xml:107:13-45
	android:icon
		ADDED from src\main\AndroidManifest.xml:106:13-46
	android:name
		ADDED from src\main\AndroidManifest.xml:105:13-59
activity#com.smart.ticketing.facereco.mobitravel.MapsActivity
ADDED from src\main\AndroidManifest.xml:108:9-111:48
	android:label
		ADDED from src\main\AndroidManifest.xml:111:13-45
	android:icon
		ADDED from src\main\AndroidManifest.xml:110:13-46
	android:name
		ADDED from src\main\AndroidManifest.xml:109:13-61
activity#com.smart.ticketing.carpooling.MainActivity
ADDED from src\main\AndroidManifest.xml:112:9-115:48
	android:label
		ADDED from src\main\AndroidManifest.xml:115:13-45
	android:icon
		ADDED from src\main\AndroidManifest.xml:114:13-46
	android:name
		ADDED from src\main\AndroidManifest.xml:113:13-52
activity#com.smart.ticketing.carpooling.Speedcaluclator
ADDED from src\main\AndroidManifest.xml:116:9-119:48
	android:label
		ADDED from src\main\AndroidManifest.xml:119:13-45
	android:icon
		ADDED from src\main\AndroidManifest.xml:118:13-46
	android:name
		ADDED from src\main\AndroidManifest.xml:117:13-55
activity#com.smart.ticketing.carpooling.FirestationActivity
ADDED from src\main\AndroidManifest.xml:120:9-123:48
	android:label
		ADDED from src\main\AndroidManifest.xml:123:13-45
	android:icon
		ADDED from src\main\AndroidManifest.xml:122:13-46
	android:name
		ADDED from src\main\AndroidManifest.xml:121:13-59
activity#com.smart.ticketing.carpooling.AddRideActivity
ADDED from src\main\AndroidManifest.xml:124:9-127:48
	android:label
		ADDED from src\main\AndroidManifest.xml:127:13-45
	android:icon
		ADDED from src\main\AndroidManifest.xml:126:13-46
	android:name
		ADDED from src\main\AndroidManifest.xml:125:13-55
activity#com.smart.ticketing.carpooling.PoolRequestActivity
ADDED from src\main\AndroidManifest.xml:128:9-131:48
	android:label
		ADDED from src\main\AndroidManifest.xml:131:13-45
	android:icon
		ADDED from src\main\AndroidManifest.xml:130:13-46
	android:name
		ADDED from src\main\AndroidManifest.xml:129:13-59
activity#com.smart.ticketing.carpooling.ViewRidersActivity
ADDED from src\main\AndroidManifest.xml:132:9-135:48
	android:label
		ADDED from src\main\AndroidManifest.xml:135:13-45
	android:icon
		ADDED from src\main\AndroidManifest.xml:134:13-46
	android:name
		ADDED from src\main\AndroidManifest.xml:133:13-58
activity#com.smart.ticketing.carpooling.ViewMyRidesActivity
ADDED from src\main\AndroidManifest.xml:136:9-139:48
	android:label
		ADDED from src\main\AndroidManifest.xml:139:13-45
	android:icon
		ADDED from src\main\AndroidManifest.xml:138:13-46
	android:name
		ADDED from src\main\AndroidManifest.xml:137:13-59
activity#com.smart.ticketing.backendless.LoginActivity
ADDED from src\main\AndroidManifest.xml:140:9-151:20
	android:label
		ADDED from src\main\AndroidManifest.xml:143:13-45
	android:icon
		ADDED from src\main\AndroidManifest.xml:142:13-46
	android:name
		ADDED from src\main\AndroidManifest.xml:141:13-54
activity#com.smart.ticketing.backendless.SplashActivity
ADDED from src\main\AndroidManifest.xml:152:9-163:20
	android:label
		ADDED from src\main\AndroidManifest.xml:155:13-45
	android:icon
		ADDED from src\main\AndroidManifest.xml:154:13-53
	android:theme
		ADDED from src\main\AndroidManifest.xml:156:13-51
	android:name
		ADDED from src\main\AndroidManifest.xml:153:13-55
intent-filter#action:name:android.intent.action.MAIN+category:name:android.intent.category.LAUNCHER
ADDED from src\main\AndroidManifest.xml:158:13-162:29
action#android.intent.action.MAIN
ADDED from src\main\AndroidManifest.xml:159:17-69
	android:name
		ADDED from src\main\AndroidManifest.xml:159:25-66
category#android.intent.category.LAUNCHER
ADDED from src\main\AndroidManifest.xml:161:17-77
	android:name
		ADDED from src\main\AndroidManifest.xml:161:27-74
activity#com.smart.ticketing.parkingqr.MainActivity
ADDED from src\main\AndroidManifest.xml:164:9-175:20
	android:label
		ADDED from src\main\AndroidManifest.xml:167:13-45
	android:icon
		ADDED from src\main\AndroidManifest.xml:166:13-46
	android:name
		ADDED from src\main\AndroidManifest.xml:165:13-51
activity#com.smart.ticketing.voter.admin.LoginActivity
ADDED from src\main\AndroidManifest.xml:176:9-188:20
	android:label
		ADDED from src\main\AndroidManifest.xml:179:13-45
	android:icon
		ADDED from src\main\AndroidManifest.xml:178:13-46
	android:name
		ADDED from src\main\AndroidManifest.xml:177:13-54
activity#com.smart.ticketing.museum.VehicleTheft
ADDED from src\main\AndroidManifest.xml:192:9-57
	android:name
		ADDED from src\main\AndroidManifest.xml:192:19-54
activity#com.smart.ticketing.museum.Setting
ADDED from src\main\AndroidManifest.xml:193:9-52
	android:name
		ADDED from src\main\AndroidManifest.xml:193:19-49
activity#com.smart.ticketing.museum.MainStart
ADDED from src\main\AndroidManifest.xml:194:9-54
	android:name
		ADDED from src\main\AndroidManifest.xml:194:19-51
activity#com.smart.ticketing.museum.TextActivity
ADDED from src\main\AndroidManifest.xml:195:9-57
	android:name
		ADDED from src\main\AndroidManifest.xml:195:19-54
activity#com.smart.ticketing.attendance.LeaveActivity
ADDED from src\main\AndroidManifest.xml:196:9-62
	android:name
		ADDED from src\main\AndroidManifest.xml:196:19-59
receiver#com.smart.ticketing.attendance.AlarmReceiver
ADDED from src\main\AndroidManifest.xml:198:9-62
	android:name
		ADDED from src\main\AndroidManifest.xml:198:19-59
service#com.smart.ticketing.attendance.MyAlarmService
ADDED from src\main\AndroidManifest.xml:200:9-62
	android:name
		ADDED from src\main\AndroidManifest.xml:200:18-59
activity#com.smart.ticketing.attendance.ViewFeedBackActivity
ADDED from src\main\AndroidManifest.xml:202:9-204:40
	android:label
		ADDED from src\main\AndroidManifest.xml:204:13-37
	android:name
		ADDED from src\main\AndroidManifest.xml:203:13-60
activity#com.smart.ticketing.attendance.AbstractSheetActivity
ADDED from src\main\AndroidManifest.xml:205:9-70
	android:name
		ADDED from src\main\AndroidManifest.xml:205:19-67
activity#com.smart.ticketing.attendance.NotifyIAMarksActivity
ADDED from src\main\AndroidManifest.xml:206:9-70
	android:name
		ADDED from src\main\AndroidManifest.xml:206:19-67
activity#com.smart.ticketing.attendance.MainActivity
ADDED from src\main\AndroidManifest.xml:207:9-209:36
	android:label
		ADDED from src\main\AndroidManifest.xml:209:13-33
	android:name
		ADDED from src\main\AndroidManifest.xml:208:13-52
activity#com.smart.ticketing.attendance.ViewTeachersActivity
ADDED from src\main\AndroidManifest.xml:210:9-212:40
	android:label
		ADDED from src\main\AndroidManifest.xml:212:13-37
	android:name
		ADDED from src\main\AndroidManifest.xml:211:13-60
activity#com.smart.ticketing.attendance.ViewAbstractSheetActivity
ADDED from src\main\AndroidManifest.xml:213:9-215:48
	android:label
		ADDED from src\main\AndroidManifest.xml:215:13-45
	android:name
		ADDED from src\main\AndroidManifest.xml:214:13-65
activity#com.smart.ticketing.attendance.FeedBackMainActivity
ADDED from src\main\AndroidManifest.xml:216:9-218:48
	android:label
		ADDED from src\main\AndroidManifest.xml:218:13-45
	android:name
		ADDED from src\main\AndroidManifest.xml:217:13-60
activity#com.smart.ticketing.attendance.ViewIdCardsPhoto
ADDED from src\main\AndroidManifest.xml:219:9-221:48
	android:label
		ADDED from src\main\AndroidManifest.xml:221:13-45
	android:name
		ADDED from src\main\AndroidManifest.xml:220:13-56
activity#com.smart.ticketing.attendance.GeneralListViewActivity
ADDED from src\main\AndroidManifest.xml:222:9-224:48
	android:label
		ADDED from src\main\AndroidManifest.xml:224:13-45
	android:name
		ADDED from src\main\AndroidManifest.xml:223:13-63
activity#com.smart.ticketing.attendance.BroadcastMessageActivity
ADDED from src\main\AndroidManifest.xml:225:9-227:48
	android:label
		ADDED from src\main\AndroidManifest.xml:227:13-45
	android:name
		ADDED from src\main\AndroidManifest.xml:226:13-64
activity#com.smart.ticketing.attendance.AndroidTimeActivity
ADDED from src\main\AndroidManifest.xml:228:9-68
	android:name
		ADDED from src\main\AndroidManifest.xml:228:19-65
activity#com.smart.ticketing.virtualexam.HomeActivity
ADDED from src\main\AndroidManifest.xml:229:9-231:48
	android:label
		ADDED from src\main\AndroidManifest.xml:231:13-45
	android:name
		ADDED from src\main\AndroidManifest.xml:230:13-53
activity#com.smart.ticketing.virtualexam.ViewPaperActivity
ADDED from src\main\AndroidManifest.xml:232:9-234:48
	android:label
		ADDED from src\main\AndroidManifest.xml:234:13-45
	android:name
		ADDED from src\main\AndroidManifest.xml:233:13-58
activity#com.smart.ticketing.virtualexam.UploadPaperActivity
ADDED from src\main\AndroidManifest.xml:235:9-237:48
	android:label
		ADDED from src\main\AndroidManifest.xml:237:13-45
	android:name
		ADDED from src\main\AndroidManifest.xml:236:13-60
activity#com.smart.ticketing.gym.AttendanceActivity
ADDED from src\main\AndroidManifest.xml:238:9-240:48
	android:label
		ADDED from src\main\AndroidManifest.xml:240:13-45
	android:name
		ADDED from src\main\AndroidManifest.xml:239:13-51
activity#com.smart.ticketing.gym.AddmemberActivity
ADDED from src\main\AndroidManifest.xml:241:9-243:48
	android:label
		ADDED from src\main\AndroidManifest.xml:243:13-45
	android:name
		ADDED from src\main\AndroidManifest.xml:242:13-50
activity#com.smart.ticketing.gym.MembersListActivity
ADDED from src\main\AndroidManifest.xml:244:9-246:48
	android:label
		ADDED from src\main\AndroidManifest.xml:246:13-45
	android:name
		ADDED from src\main\AndroidManifest.xml:245:13-52
activity#com.smart.ticketing.gym.PaymentDetailsActivity
ADDED from src\main\AndroidManifest.xml:247:9-249:48
	android:label
		ADDED from src\main\AndroidManifest.xml:249:13-45
	android:name
		ADDED from src\main\AndroidManifest.xml:248:13-55
activity#com.smart.ticketing.gym.AddTrainerActivity
ADDED from src\main\AndroidManifest.xml:250:9-252:48
	android:label
		ADDED from src\main\AndroidManifest.xml:252:13-45
	android:name
		ADDED from src\main\AndroidManifest.xml:251:13-51
activity#com.smart.ticketing.gym.ViewTrainersActivity
ADDED from src\main\AndroidManifest.xml:253:9-255:48
	android:label
		ADDED from src\main\AndroidManifest.xml:255:13-45
	android:name
		ADDED from src\main\AndroidManifest.xml:254:13-53
activity#com.smart.ticketing.gym.ViewMembersActivity
ADDED from src\main\AndroidManifest.xml:256:9-258:48
	android:label
		ADDED from src\main\AndroidManifest.xml:258:13-45
	android:name
		ADDED from src\main\AndroidManifest.xml:257:13-52
activity#com.smart.ticketing.gym.HomeActivity
ADDED from src\main\AndroidManifest.xml:259:9-261:48
	android:label
		ADDED from src\main\AndroidManifest.xml:261:13-45
	android:name
		ADDED from src\main\AndroidManifest.xml:260:13-45
activity#com.smart.ticketing.gym.MemberHomeActivity
ADDED from src\main\AndroidManifest.xml:262:9-264:48
	android:label
		ADDED from src\main\AndroidManifest.xml:264:13-45
	android:name
		ADDED from src\main\AndroidManifest.xml:263:13-51
activity#com.smart.ticketing.gym.ViewMembersAttendanceActivity
ADDED from src\main\AndroidManifest.xml:265:9-267:48
	android:label
		ADDED from src\main\AndroidManifest.xml:267:13-45
	android:name
		ADDED from src\main\AndroidManifest.xml:266:13-62
activity#com.smart.ticketing.gym.PaymentHomeActivity
ADDED from src\main\AndroidManifest.xml:268:9-270:48
	android:label
		ADDED from src\main\AndroidManifest.xml:270:13-45
	android:name
		ADDED from src\main\AndroidManifest.xml:269:13-52
activity#com.smart.ticketing.gym.AttendanceHomeActivity
ADDED from src\main\AndroidManifest.xml:271:9-273:48
	android:label
		ADDED from src\main\AndroidManifest.xml:273:13-45
	android:name
		ADDED from src\main\AndroidManifest.xml:272:13-55
activity#com.smart.ticketing.kisanmitra.ViewProfileActivity
ADDED from src\main\AndroidManifest.xml:274:9-276:48
	android:label
		ADDED from src\main\AndroidManifest.xml:276:13-45
	android:name
		ADDED from src\main\AndroidManifest.xml:275:13-59
activity#com.smart.ticketing.kisanmitra.ViewyoutubeActivity
ADDED from src\main\AndroidManifest.xml:277:9-279:48
	android:label
		ADDED from src\main\AndroidManifest.xml:279:13-45
	android:name
		ADDED from src\main\AndroidManifest.xml:278:13-59
activity#com.smart.ticketing.timetable.LabMainActivity
ADDED from src\main\AndroidManifest.xml:280:9-282:48
	android:label
		ADDED from src\main\AndroidManifest.xml:282:13-45
	android:name
		ADDED from src\main\AndroidManifest.xml:281:13-54
activity#com.smart.ticketing.timetable.LabHomeActivity
ADDED from src\main\AndroidManifest.xml:283:9-285:48
	android:label
		ADDED from src\main\AndroidManifest.xml:285:13-45
	android:name
		ADDED from src\main\AndroidManifest.xml:284:13-54
activity#com.smart.ticketing.campus.ForgotPasswordActivity
ADDED from src\main\AndroidManifest.xml:286:9-288:48
	android:label
		ADDED from src\main\AndroidManifest.xml:288:13-45
	android:name
		ADDED from src\main\AndroidManifest.xml:287:13-58
activity#com.smart.ticketing.museum.LoginActivity
ADDED from src\main\AndroidManifest.xml:289:9-291:48
	android:label
		ADDED from src\main\AndroidManifest.xml:291:13-45
	android:name
		ADDED from src\main\AndroidManifest.xml:290:13-49
service#com.smart.ticketing.museum.MyAlarmService
ADDED from src\main\AndroidManifest.xml:293:9-58
	android:name
		ADDED from src\main\AndroidManifest.xml:293:18-55
activity#com.smart.ticketing.museum.MainActivity
ADDED from src\main\AndroidManifest.xml:295:9-297:48
	android:label
		ADDED from src\main\AndroidManifest.xml:297:13-45
	android:name
		ADDED from src\main\AndroidManifest.xml:296:13-48
activity#com.smart.ticketing.voter.admin.HomeActivity
ADDED from src\main\AndroidManifest.xml:298:9-300:48
	android:label
		ADDED from src\main\AndroidManifest.xml:300:13-45
	android:name
		ADDED from src\main\AndroidManifest.xml:299:13-53
activity#com.smart.ticketing.voter.admin.VoteCountActivity
ADDED from src\main\AndroidManifest.xml:301:9-303:48
	android:label
		ADDED from src\main\AndroidManifest.xml:303:13-45
	android:name
		ADDED from src\main\AndroidManifest.xml:302:13-58
activity#com.smart.ticketing.voter.admin.VoterListActivity
ADDED from src\main\AndroidManifest.xml:304:9-306:48
	android:label
		ADDED from src\main\AndroidManifest.xml:306:13-45
	android:name
		ADDED from src\main\AndroidManifest.xml:305:13-58
activity#com.smart.ticketing.voter.admin.AddCandidatesActivity
ADDED from src\main\AndroidManifest.xml:307:9-309:48
	android:label
		ADDED from src\main\AndroidManifest.xml:309:13-45
	android:name
		ADDED from src\main\AndroidManifest.xml:308:13-62
activity#com.smart.ticketing.medical.FindDoctorActivity
ADDED from src\main\AndroidManifest.xml:310:9-312:48
	android:label
		ADDED from src\main\AndroidManifest.xml:312:13-45
	android:name
		ADDED from src\main\AndroidManifest.xml:311:13-55
activity#com.smart.ticketing.medical.HomeActivity
ADDED from src\main\AndroidManifest.xml:313:9-315:48
	android:label
		ADDED from src\main\AndroidManifest.xml:315:13-45
	android:name
		ADDED from src\main\AndroidManifest.xml:314:13-49
activity#com.smart.ticketing.medical.HealthIssuesActivity
ADDED from src\main\AndroidManifest.xml:316:9-318:48
	android:label
		ADDED from src\main\AndroidManifest.xml:318:13-45
	android:name
		ADDED from src\main\AndroidManifest.xml:317:13-57
activity#com.smart.ticketing.medical.HealthDetailsActivity
ADDED from src\main\AndroidManifest.xml:319:9-321:48
	android:label
		ADDED from src\main\AndroidManifest.xml:321:13-45
	android:name
		ADDED from src\main\AndroidManifest.xml:320:13-58
activity#com.smart.ticketing.voter.RegisterActivity
ADDED from src\main\AndroidManifest.xml:322:9-324:48
	android:label
		ADDED from src\main\AndroidManifest.xml:324:13-45
	android:name
		ADDED from src\main\AndroidManifest.xml:323:13-51
activity#com.smart.ticketing.voter.FingerprintActivity
ADDED from src\main\AndroidManifest.xml:325:9-327:48
	android:label
		ADDED from src\main\AndroidManifest.xml:327:13-45
	android:name
		ADDED from src\main\AndroidManifest.xml:326:13-54
activity#com.smart.ticketing.voter.HomeActivity
ADDED from src\main\AndroidManifest.xml:328:9-330:48
	android:label
		ADDED from src\main\AndroidManifest.xml:330:13-45
	android:name
		ADDED from src\main\AndroidManifest.xml:329:13-47
activity#com.smart.ticketing.qless.ItemsListActivity
ADDED from src\main\AndroidManifest.xml:331:9-333:48
	android:label
		ADDED from src\main\AndroidManifest.xml:333:13-45
	android:name
		ADDED from src\main\AndroidManifest.xml:332:13-52
activity#com.smart.ticketing.parkingqr.MapsActivity
ADDED from src\main\AndroidManifest.xml:334:9-336:48
	android:label
		ADDED from src\main\AndroidManifest.xml:336:13-45
	android:name
		ADDED from src\main\AndroidManifest.xml:335:13-51
activity#com.smart.ticketing.viewDataList
ADDED from src\main\AndroidManifest.xml:337:9-339:48
	android:label
		ADDED from src\main\AndroidManifest.xml:339:13-45
	android:name
		ADDED from src\main\AndroidManifest.xml:338:13-41
activity#com.smart.ticketing.qless.ConfirmOrderActivity
ADDED from src\main\AndroidManifest.xml:340:9-342:48
	android:label
		ADDED from src\main\AndroidManifest.xml:342:13-45
	android:name
		ADDED from src\main\AndroidManifest.xml:341:13-55
activity#com.smart.ticketing.qless.OffersActivity
ADDED from src\main\AndroidManifest.xml:343:9-345:48
	android:label
		ADDED from src\main\AndroidManifest.xml:345:13-45
	android:name
		ADDED from src\main\AndroidManifest.xml:344:13-49
activity#com.smart.ticketing.qless.RecipeListActivity
ADDED from src\main\AndroidManifest.xml:346:9-348:48
	android:label
		ADDED from src\main\AndroidManifest.xml:348:13-45
	android:name
		ADDED from src\main\AndroidManifest.xml:347:13-53
activity#com.smart.ticketing.qless.AddCustomItemActivity
ADDED from src\main\AndroidManifest.xml:349:9-351:48
	android:label
		ADDED from src\main\AndroidManifest.xml:351:13-45
	android:name
		ADDED from src\main\AndroidManifest.xml:350:13-56
activity#com.smart.ticketing.qless.ViewCustomItemActivity
ADDED from src\main\AndroidManifest.xml:352:9-354:48
	android:label
		ADDED from src\main\AndroidManifest.xml:354:13-45
	android:name
		ADDED from src\main\AndroidManifest.xml:353:13-57
activity#com.smart.ticketing.metro.WalletInfo
ADDED from src\main\AndroidManifest.xml:355:9-357:48
	android:label
		ADDED from src\main\AndroidManifest.xml:357:13-45
	android:name
		ADDED from src\main\AndroidManifest.xml:356:13-45
activity#com.smart.ticketing.metro.Fare
ADDED from src\main\AndroidManifest.xml:358:9-360:48
	android:label
		ADDED from src\main\AndroidManifest.xml:360:13-45
	android:name
		ADDED from src\main\AndroidManifest.xml:359:13-39
activity#com.smart.ticketing.metro.Recharge
ADDED from src\main\AndroidManifest.xml:361:9-363:48
	android:label
		ADDED from src\main\AndroidManifest.xml:363:13-45
	android:name
		ADDED from src\main\AndroidManifest.xml:362:13-43
activity#com.smart.ticketing.metro.SmartTicketingUser
ADDED from src\main\AndroidManifest.xml:364:9-366:48
	android:label
		ADDED from src\main\AndroidManifest.xml:366:13-45
	android:name
		ADDED from src\main\AndroidManifest.xml:365:13-53
activity#com.smart.ticketing.qless.ControlHardwareActivity
ADDED from src\main\AndroidManifest.xml:367:9-369:48
	android:label
		ADDED from src\main\AndroidManifest.xml:369:13-45
	android:name
		ADDED from src\main\AndroidManifest.xml:368:13-58
activity#com.smart.ticketing.metro.Routemap
ADDED from src\main\AndroidManifest.xml:370:9-372:48
	android:label